Performing C++ SOURCE FILE Test HAVE_STDMAKE_UNIQUE failed with the following output:
Change Dir: /users/disk9/cfse/Stage_Malo/CPACSCreatorTotal/qt-build/CMakeFiles/CMakeTmp

Run Build Command:"/usr/bin/gmake" "cmTC_907f8/fast"
/usr/bin/gmake -f CMakeFiles/cmTC_907f8.dir/build.make CMakeFiles/cmTC_907f8.dir/build
gmake[1]: Entering directory `/users/disk9/cfse/Stage_Malo/CPACSCreatorTotal/qt-build/CMakeFiles/CMakeTmp'
Building CXX object CMakeFiles/cmTC_907f8.dir/src.cxx.o
/usr/bin/c++    -std=c++11 -DHAVE_STDMAKE_UNIQUE   -o CMakeFiles/cmTC_907f8.dir/src.cxx.o -c /users/disk9/cfse/Stage_Malo/CPACSCreatorTotal/qt-build/CMakeFiles/CMakeTmp/src.cxx
/users/disk9/cfse/Stage_Malo/CPACSCreatorTotal/qt-build/CMakeFiles/CMakeTmp/src.cxx: In function ‘int main()’:
/users/disk9/cfse/Stage_Malo/CPACSCreatorTotal/qt-build/CMakeFiles/CMakeTmp/src.cxx:3:2: error: ‘make_unique’ is not a member of ‘std’
  std::make_unique<int>(5);
  ^
/users/disk9/cfse/Stage_Malo/CPACSCreatorTotal/qt-build/CMakeFiles/CMakeTmp/src.cxx:3:19: error: expected primary-expression before ‘int’
  std::make_unique<int>(5);
                   ^
/users/disk9/cfse/Stage_Malo/CPACSCreatorTotal/qt-build/CMakeFiles/CMakeTmp/src.cxx:3:19: error: expected ‘;’ before ‘int’
gmake[1]: *** [CMakeFiles/cmTC_907f8.dir/src.cxx.o] Error 1
gmake[1]: Leaving directory `/users/disk9/cfse/Stage_Malo/CPACSCreatorTotal/qt-build/CMakeFiles/CMakeTmp'
gmake: *** [cmTC_907f8/fast] Error 2

Source file was:
#include <memory>
int main(){
 std::make_unique<int>(5);
 return 0;
}

Determining if the pthread_create exist failed with the following output:
Change Dir: /users/disk9/cfse/Stage_Malo/CPACSCreatorTotal/qt-build/CMakeFiles/CMakeTmp

Run Build Command:"/usr/bin/gmake" "cmTC_7b2e6/fast"
/usr/bin/gmake -f CMakeFiles/cmTC_7b2e6.dir/build.make CMakeFiles/cmTC_7b2e6.dir/build
gmake[1]: Entering directory `/users/disk9/cfse/Stage_Malo/CPACSCreatorTotal/qt-build/CMakeFiles/CMakeTmp'
Building C object CMakeFiles/cmTC_7b2e6.dir/CheckSymbolExists.c.o
/usr/bin/cc    -o CMakeFiles/cmTC_7b2e6.dir/CheckSymbolExists.c.o   -c /users/disk9/cfse/Stage_Malo/CPACSCreatorTotal/qt-build/CMakeFiles/CMakeTmp/CheckSymbolExists.c
Linking C executable cmTC_7b2e6
/users/disk9/cfse/Stage_Malo/clion-2017.3.3/bin/cmake/bin/cmake -E cmake_link_script CMakeFiles/cmTC_7b2e6.dir/link.txt --verbose=1
/usr/bin/cc      -rdynamic CMakeFiles/cmTC_7b2e6.dir/CheckSymbolExists.c.o  -o cmTC_7b2e6 
CMakeFiles/cmTC_7b2e6.dir/CheckSymbolExists.c.o: In function `main':
CheckSymbolExists.c:(.text+0x16): undefined reference to `pthread_create'
collect2: error: ld returned 1 exit status
gmake[1]: *** [cmTC_7b2e6] Error 1
gmake[1]: Leaving directory `/users/disk9/cfse/Stage_Malo/CPACSCreatorTotal/qt-build/CMakeFiles/CMakeTmp'
gmake: *** [cmTC_7b2e6/fast] Error 2

File /users/disk9/cfse/Stage_Malo/CPACSCreatorTotal/qt-build/CMakeFiles/CMakeTmp/CheckSymbolExists.c:
/* */
#include <pthread.h>

int main(int argc, char** argv)
{
  (void)argv;
#ifndef pthread_create
  return ((int*)(&pthread_create))[argc];
#else
  (void)argc;
  return 0;
#endif
}

Determining if the function pthread_create exists in the pthreads failed with the following output:
Change Dir: /users/disk9/cfse/Stage_Malo/CPACSCreatorTotal/qt-build/CMakeFiles/CMakeTmp

Run Build Command:"/usr/bin/gmake" "cmTC_5fa45/fast"
/usr/bin/gmake -f CMakeFiles/cmTC_5fa45.dir/build.make CMakeFiles/cmTC_5fa45.dir/build
gmake[1]: Entering directory `/users/disk9/cfse/Stage_Malo/CPACSCreatorTotal/qt-build/CMakeFiles/CMakeTmp'
Building C object CMakeFiles/cmTC_5fa45.dir/CheckFunctionExists.c.o
/usr/bin/cc   -DCHECK_FUNCTION_EXISTS=pthread_create   -o CMakeFiles/cmTC_5fa45.dir/CheckFunctionExists.c.o   -c /users/disk9/cfse/Stage_Malo/clion-2017.3.3/bin/cmake/share/cmake-3.9/Modules/CheckFunctionExists.c
Linking C executable cmTC_5fa45
/users/disk9/cfse/Stage_Malo/clion-2017.3.3/bin/cmake/bin/cmake -E cmake_link_script CMakeFiles/cmTC_5fa45.dir/link.txt --verbose=1
/usr/bin/cc  -DCHECK_FUNCTION_EXISTS=pthread_create    -rdynamic CMakeFiles/cmTC_5fa45.dir/CheckFunctionExists.c.o  -o cmTC_5fa45 -lpthreads 
/usr/bin/ld: cannot find -lpthreads
collect2: error: ld returned 1 exit status
gmake[1]: *** [cmTC_5fa45] Error 1
gmake[1]: Leaving directory `/users/disk9/cfse/Stage_Malo/CPACSCreatorTotal/qt-build/CMakeFiles/CMakeTmp'
gmake: *** [cmTC_5fa45/fast] Error 2


